<?xml version="1.0" encoding="UTF-8"?>
<!-- Generated by org.testng.reporters.JUnitReportReporter -->
<testsuite hostname="Hameed" failures="0" tests="22" name="test.TestExecution" time="953.120" errors="0" timestamp="2024-06-12T23:16:37 IST" skipped="0">
  <testcase classname="test.TestExecution" name="validateSignUpFunction" time="10.661"/>
  <system-out/>
  <testcase classname="test.TestExecution" name="validateSignUpFunction" time="10.065"/>
  <system-out/>
  <testcase classname="test.TestExecution" name="validateSignUpFunction2" time="20.153"/>
  <system-out/>
  <testcase classname="test.TestExecution" name="validateSignUpFunction2" time="11.668"/>
  <system-out/>
  <testcase classname="test.TestExecution" name="validateSignInFunctionUsingPhNoWithValidCredentials" time="48.113"/>
  <system-out/>
  <testcase classname="test.TestExecution" name="validateSignInFunctionUsingEmailWithValidCredentials" time="88.124"/>
  <system-out/>
  <testcase classname="test.TestExecution" name="validateSignInFunctionUsingPhNoWithInValidCredentials" time="8.960"/>
  <system-out/>
  <testcase classname="test.TestExecution" name="validateSignInFunctionUsingEmailWithInValidCredentials" time="87.898"/>
  <system-out/>
  <testcase classname="test.TestExecution" name="validateSignInFunctionUsingPhNo" time="10.881"/>
  <system-out/>
  <testcase classname="test.TestExecution" name="validateSignInFunctionUsingPhNo" time="8.739"/>
  <system-out/>
  <testcase classname="test.TestExecution" name="validateSignInFunctionUsingPhNo" time="18.514"/>
  <system-out/>
  <testcase classname="test.TestExecution" name="validateSignInFunctionUsingPhNo" time="48.404"/>
  <system-out/>
  <testcase classname="test.TestExecution" name="validateSignInFunctionUsingEmail" time="91.023"/>
  <system-out/>
  <testcase classname="test.TestExecution" name="validateSignInFunctionUsingEmail" time="88.615"/>
  <system-out/>
  <testcase classname="test.TestExecution" name="validateSignInFunctionUsingEmail" time="89.244"/>
  <system-out/>
  <testcase classname="test.TestExecution" name="validateSignInFunctionUsingEmail" time="93.180"/>
  <system-out/>
  <testcase classname="test.TestExecution" name="validateFieldsAvailability" time="8.309"/>
  <system-out/>
  <testcase classname="test.TestExecution" name="validateSearchFlightforOnewayTrip" time="11.471"/>
  <system-out/>
  <testcase classname="test.TestExecution" name="validateSearchFlightforRoundTrip" time="12.747"/>
  <system-out/>
  <testcase classname="test.TestExecution" name="validateChooseFlight" time="33.026"/>
  <system-out/>
  <testcase classname="test.TestExecution" name="validateE2EBookingOneWay" time="88.731"/>
  <system-out/>
  <testcase classname="test.TestExecution" name="validateE2EBookingRoundTrip" time="64.594"/>
  <system-out/>
</testsuite> <!-- test.TestExecution -->
