<?xml version="1.0" encoding="UTF-8"?>
<!-- Generated by org.testng.reporters.JUnitReportReporter -->
<testsuite hostname="Hameed" failures="0" tests="22" name="test_execution_package.TestExecution" time="501.744" errors="0" timestamp="2024-06-12T12:38:30 IST" skipped="0">
  <testcase classname="test_execution_package.TestExecution" name="validateSignUpFunction" time="18.967"/>
  <system-out/>
  <testcase classname="test_execution_package.TestExecution" name="validateSignUpFunction" time="17.135"/>
  <system-out/>
  <testcase classname="test_execution_package.TestExecution" name="validateSignUpFunction2" time="5.249"/>
  <system-out/>
  <testcase classname="test_execution_package.TestExecution" name="validateSignUpFunction2" time="18.741"/>
  <system-out/>
  <testcase classname="test_execution_package.TestExecution" name="validateSignInFunctionUsingPhNoWithValidCredentials" time="46.621"/>
  <system-out/>
  <testcase classname="test_execution_package.TestExecution" name="validateSignInFunctionUsingEmailWithValidCredentials" time="46.400"/>
  <system-out/>
  <testcase classname="test_execution_package.TestExecution" name="validateSignInFunctionUsingPhNoWithInValidCredentials" time="8.556"/>
  <system-out/>
  <testcase classname="test_execution_package.TestExecution" name="validateSignInFunctionUsingEmailWithInValidCredentials" time="8.007"/>
  <system-out/>
  <testcase classname="test_execution_package.TestExecution" name="validateSignInFunctionUsingPhNo" time="8.230"/>
  <system-out/>
  <testcase classname="test_execution_package.TestExecution" name="validateSignInFunctionUsingPhNo" time="7.403"/>
  <system-out/>
  <testcase classname="test_execution_package.TestExecution" name="validateSignInFunctionUsingPhNo" time="46.087"/>
  <system-out/>
  <testcase classname="test_execution_package.TestExecution" name="validateSignInFunctionUsingPhNo" time="8.056"/>
  <system-out/>
  <testcase classname="test_execution_package.TestExecution" name="validateSignInFunctionUsingEmail" time="7.592"/>
  <system-out/>
  <testcase classname="test_execution_package.TestExecution" name="validateSignInFunctionUsingEmail" time="7.587"/>
  <system-out/>
  <testcase classname="test_execution_package.TestExecution" name="validateSignInFunctionUsingEmail" time="8.064"/>
  <system-out/>
  <testcase classname="test_execution_package.TestExecution" name="validateSignInFunctionUsingEmail" time="47.126"/>
  <system-out/>
  <testcase classname="test_execution_package.TestExecution" name="validateFieldsAvailability" time="7.098"/>
  <system-out/>
  <testcase classname="test_execution_package.TestExecution" name="validateSearchFlightforOnewayTrip" time="10.440"/>
  <system-out/>
  <testcase classname="test_execution_package.TestExecution" name="validateSearchFlightforRoundTrip" time="10.093"/>
  <system-out/>
  <testcase classname="test_execution_package.TestExecution" name="validateChooseFlight" time="13.022"/>
  <system-out/>
  <testcase classname="test_execution_package.TestExecution" name="registration" time="73.873"/>
  <system-out/>
  <testcase classname="test_execution_package.TestExecution" name="registration1" time="77.397"/>
  <system-out/>
</testsuite> <!-- test_execution_package.TestExecution -->
